<?xml version="1.0" encoding="UTF-8"?>
<!-- Generated by org.testng.reporters.JUnitReportReporter -->
<testsuite hostname="LAPTOP-CVR9HVBP" failures="0" tests="1" name="Tests.NewTest" time="84.554" errors="0" timestamp="2020-03-26T00:05:28 IST" skipped="0">
  <testcase classname="Tests.NewTest" name="f" time="84.554"/>
</testsuite> <!-- Tests.NewTest -->
