<?xml version="1.0" encoding="UTF-8"?>
<!-- Generated by org.testng.reporters.JUnitReportReporter -->
<testsuite hostname="LAPTOP-CVR9HVBP" failures="0" tests="5" name="Tests.test_chrome" time="300.177" errors="0" timestamp="2020-03-26T09:44:12 IST" skipped="0">
  <testcase classname="Tests.test_chrome" name="f" time="41.301"/>
  <testcase classname="Tests.test_chrome" name="f" time="79.808"/>
  <testcase classname="Tests.test_chrome" name="f" time="59.552"/>
  <testcase classname="Tests.test_chrome" name="f" time="58.702"/>
  <testcase classname="Tests.test_chrome" name="f" time="60.814"/>
</testsuite> <!-- Tests.test_chrome -->
